Arguments: 
  C:\Program Files\nodejs\node.exe C:\Program Files\nodejs\node_modules\yarn\bin\yarn.js

PATH: 
  C:\Program Files\PowerShell\7;C:\Program Files (x86)\Razer\ChromaBroadcast\bin;C:\Program Files\Razer\ChromaBroadcast\bin;C:\Program Files\Oculus\Support\oculus-runtime;C:\Windows\system32;C:\Windows;C:\Windows\System32\Wbem;C:\Windows\System32\WindowsPowerShell\v1.0\;C:\Windows\System32\OpenSSH\;C:\Program Files (x86)\NVIDIA Corporation\PhysX\Common;C:\Program Files\NVIDIA Corporation\NVIDIA NvDLISR;C:\Program Files\PuTTY\;C:\Program Files\Microsoft VS Code\bin;C:\Program Files (x86)\dotnet\;C:\Program Files\dotnet\;C:\Users\cotte\path_vars;C:\Program Files (x86)\Windows Kits\10\Windows Performance Toolkit\;C:\WINDOWS\system32;C:\WINDOWS;C:\WINDOWS\System32\Wbem;C:\WINDOWS\System32\WindowsPowerShell\v1.0\;C:\WINDOWS\System32\OpenSSH\;%NVM_HOME%;%NVM_SYMLINK%;C:\WINDOWS\system32\config\systemprofile\AppData\Local\Microsoft\WindowsApps;C:\Users\cotte\AppData\Roaming\nvm;C:\Program Files\nodejs;C:\Program Files\Git\cmd;C:\Program Files\PowerShell\7\;C:\ProgramData\chocolatey\bin;C:\Users\cotte\.cargo\bin;C:\Users\cotte\AppData\Local\Microsoft\WindowsApps;C:\Users\cotte\.dotnet\tools;C:\Users\cotte\path_vars;C:\Users\cotte\AppData\Roaming\nvm;C:\Program Files\nodejs;C:\Users\cotte\AppData\Local\GitHubDesktop\bin;C:\Users\cotte\AppData\Local\Programs\Microsoft VS Code\bin

Yarn version: 
  1.22.17

Node version: 
  16.13.0

Platform: 
  win32 x64

Trace: 
  Error: EPERM: operation not permitted, unlink 'C:\Users\cotte\Desktop\pixi-ts-quickstart\node_modules\esbuild-windows-64\esbuild.exe'

npm manifest: 
  {
    "name": "vite-pixi-ts-quickstart",
    "version": "0.0.0",
    "scripts": {
      "dev": "vite",
      "watch": "tsc --watch",
      "build": "tsc && vite build",
      "preview": "vite preview"
    },
    "devDependencies": {
      "@types/dat.gui": "^0.7.7",
      "@types/offscreencanvas": "^2019.6.4",
      "dat.gui": "^0.7.7",
      "pixi.js": "^6.2.2",
      "typescript": "^4.4.4",
      "vite": "^2.7.2"
    }
  }

yarn manifest: 
  No manifest

Lockfile: 
  # THIS IS AN AUTOGENERATED FILE. DO NOT EDIT THIS FILE DIRECTLY.
  # yarn lockfile v1
  
  
  "@pixi/accessibility@6.2.2":
    "integrity" "sha512-/mXRXCw67bmPY/OZ1Y1p747h3SSg7eqacIChAUJohjbcJK0R2EJRD2uVTspVIUpHPJA0ECNGBpKqk0C1Yzkj2w=="
    "resolved" "https://registry.npmjs.org/@pixi/accessibility/-/accessibility-6.2.2.tgz"
    "version" "6.2.2"
  
  "@pixi/app@6.2.2":
    "integrity" "sha512-YBzVaSZGA842w2gsgqzxYwQMXeu2JZmSyiybi4raFsA35iOeMurXy7sEs5NP9JO+cjobJyx6echuHzZpKUjWsQ=="
    "resolved" "https://registry.npmjs.org/@pixi/app/-/app-6.2.2.tgz"
    "version" "6.2.2"
  
  "@pixi/compressed-textures@6.2.2":
    "integrity" "sha512-ZjiqYCE6nGtsKTRa6w4W6Krh3vo4M3WT6lrP+VW6BfgUx3quEURt5GVFsFZrJpWF4yI1fShFmjBUOerrTLJGRQ=="
    "resolved" "https://registry.npmjs.org/@pixi/compressed-textures/-/compressed-textures-6.2.2.tgz"
    "version" "6.2.2"
  
  "@pixi/constants@6.2.2":
    "integrity" "sha512-BKSoj/5SI+pQEatuCG5kXXWtCZmZZNMhfhXeqvYO/WNZ+LDxm6F4pllf0t7KjGs1ZBpNxVf6fyngF9Q5r3MgJQ=="
    "resolved" "https://registry.npmjs.org/@pixi/constants/-/constants-6.2.2.tgz"
    "version" "6.2.2"
  
  "@pixi/core@6.2.2":
    "integrity" "sha512-XAqgdJ1w9k1ZUBXECm19rcnN2ngm+tOP74HkGw4qQay0biM3JS+wtX4fWQmZNGr8krf6lJrNbsghbtUy70uUaw=="
    "resolved" "https://registry.npmjs.org/@pixi/core/-/core-6.2.2.tgz"
    "version" "6.2.2"
  
  "@pixi/display@6.2.2":
    "integrity" "sha512-8a0R+9rjlUUjb13nBA6ZNj9gygJqt38B63uIZ2inkhxpIQf0CLo2hNxkqCqXiMeRuGmOw1n6neEDMnHO1Ks+xA=="
    "resolved" "https://registry.npmjs.org/@pixi/display/-/display-6.2.2.tgz"
    "version" "6.2.2"
  
  "@pixi/extract@6.2.2":
    "integrity" "sha512-w3gW1/VoHNqFEUNGRQBKm8dCdg816etbpbLExWctmPpNdyxos5N7DF44UMRFg40GPVBBNzYissrH/ojca4PFIA=="
    "resolved" "https://registry.npmjs.org/@pixi/extract/-/extract-6.2.2.tgz"
    "version" "6.2.2"
  
  "@pixi/filter-alpha@6.2.2":
    "integrity" "sha512-CijLcgFdmivmSyZuM5Yyeo6R+PwalZp9OSoard1Oh5DBVvcRDn4m3cBM+nimR4YJbr0kiMbK4Ja8r+e2vwFVjA=="
    "resolved" "https://registry.npmjs.org/@pixi/filter-alpha/-/filter-alpha-6.2.2.tgz"
    "version" "6.2.2"
  
  "@pixi/filter-blur@6.2.2":
    "integrity" "sha512-ApFqn2fMIipr3mRp/8dZ74qraGGzzPO/EzvltDqJLru9vGlbX6dKLXZ6w5H8D/uN6aQW1e4N1Nrtzk5mvJVQ3g=="
    "resolved" "https://registry.npmjs.org/@pixi/filter-blur/-/filter-blur-6.2.2.tgz"
    "version" "6.2.2"
  
  "@pixi/filter-color-matrix@6.2.2":
    "integrity" "sha512-fQWbtKFWV29jKkq4d6TknEfQ5sF5OxcbJeZo0HJmgoV3FLZ0t21XE991CFI/TqDBo8U3wzUPZVbXxiFoDKmJ8w=="
    "resolved" "https://registry.npmjs.org/@pixi/filter-color-matrix/-/filter-color-matrix-6.2.2.tgz"
    "version" "6.2.2"
  
  "@pixi/filter-displacement@6.2.2":
    "integrity" "sha512-cd9um4kNNIeqKA/wVZw+iha+XVbBOYBC8En5hk3ZXAIXxCHxOCz3KS+aOVejXH5EB/gMDPvNNwygn0SCpSGdKA=="
    "resolved" "https://registry.npmjs.org/@pixi/filter-displacement/-/filter-displacement-6.2.2.tgz"
    "version" "6.2.2"
  
  "@pixi/filter-fxaa@6.2.2":
    "integrity" "sha512-e4qekMlsiEcjV0JRoqH3b34sk8yzT4jsROYPHzk0IiafE+nNNcF3vQmcmnfC0aGIyODzmNdzFLjlFkRRSviydA=="
    "resolved" "https://registry.npmjs.org/@pixi/filter-fxaa/-/filter-fxaa-6.2.2.tgz"
    "version" "6.2.2"
  
  "@pixi/filter-noise@6.2.2":
    "integrity" "sha512-Jp4L6winS6ZGKpp76x3JyfEWnUMY44fQ90Ts3R3vKkZZFNDd3T4uisZ7YwvDKOhmSo5hY3lQkXaCg/YO5feXbw=="
    "resolved" "https://registry.npmjs.org/@pixi/filter-noise/-/filter-noise-6.2.2.tgz"
    "version" "6.2.2"
  
  "@pixi/graphics@6.2.2":
    "integrity" "sha512-mQyd6ef6/EF5nt7M1OObBEb9FCXxIP6AT30H01Z2wnnCgu4qj8MHrJxTkQxSHynQ+eVVPswzpVizUQZHlIYZNw=="
    "resolved" "https://registry.npmjs.org/@pixi/graphics/-/graphics-6.2.2.tgz"
    "version" "6.2.2"
  
  "@pixi/interaction@6.2.2":
    "integrity" "sha512-gpNLCPc+j+RZSZqbKbzVRf4fSlOlYm0xqUVn6JtNH1kc+d9AV7Nmw9but4osP/eodDWsWPQ+7sPKClHY36bKRA=="
    "resolved" "https://registry.npmjs.org/@pixi/interaction/-/interaction-6.2.2.tgz"
    "version" "6.2.2"
  
  "@pixi/loaders@6.2.2":
    "integrity" "sha512-jwFM59GeMQpzuniw5PlC7kCoXZEaKrw31/ecR1sXKWDtHRyMtvXTuf+R+tSol/1ISQ55c0JBTuUbLPwp7hPvFQ=="
    "resolved" "https://registry.npmjs.org/@pixi/loaders/-/loaders-6.2.2.tgz"
    "version" "6.2.2"
  
  "@pixi/math@6.2.2":
    "integrity" "sha512-TtsaooRRMc/WAZ4LKUDhP/d14BZElLjRNa2gopwTKUtrDa1KvzAMr8WJ8P+gaXl4DJ8B/MlgESdPhRUqVSUw0A=="
    "resolved" "https://registry.npmjs.org/@pixi/math/-/math-6.2.2.tgz"
    "version" "6.2.2"
  
  "@pixi/mesh-extras@6.2.2":
    "integrity" "sha512-HFYWhWcV6gY7VYnMhz9OSEN14PPfVqLzWnglbegGEMqCbY/ZGsD8X99x/HLGQGd6L4FFto382q0Fj1xu+y/brg=="
    "resolved" "https://registry.npmjs.org/@pixi/mesh-extras/-/mesh-extras-6.2.2.tgz"
    "version" "6.2.2"
  
  "@pixi/mesh@6.2.2":
    "integrity" "sha512-CsKFgTu2MP756sHeoCr9s4tHy2VmnDZPnvZ0ThV8QMnb5w3Z2qRDKlXSSIdNaQOxoAPKkqxIu0JbLK8kyX0oqw=="
    "resolved" "https://registry.npmjs.org/@pixi/mesh/-/mesh-6.2.2.tgz"
    "version" "6.2.2"
  
  "@pixi/mixin-cache-as-bitmap@6.2.2":
    "integrity" "sha512-t3jZKGa/qoRMetMWmGkXz8Kp1Uzmb+2y4/adqu+RdIeG3D1oItuGux+R36ZQO6dVRv3R8s2/Dex0aACek171zw=="
    "resolved" "https://registry.npmjs.org/@pixi/mixin-cache-as-bitmap/-/mixin-cache-as-bitmap-6.2.2.tgz"
    "version" "6.2.2"
  
  "@pixi/mixin-get-child-by-name@6.2.2":
    "integrity" "sha512-BBrniLAkzDex4HyvVdE/DjphzQu4pZ8Nc5aDRIbiS1s283/IXr2oTcoaW23kCjhX0xgu++XcJQQMMyv3mlblZQ=="
    "resolved" "https://registry.npmjs.org/@pixi/mixin-get-child-by-name/-/mixin-get-child-by-name-6.2.2.tgz"
    "version" "6.2.2"
  
  "@pixi/mixin-get-global-position@6.2.2":
    "integrity" "sha512-Rz7DHn6koYFEeVG36rKiMwoTD+elJKqwQ24HHw0BAKz1VwGagBi0ZTcJ+nWplBOrw6ZPKfdOBwGQLXD7ODg8lQ=="
    "resolved" "https://registry.npmjs.org/@pixi/mixin-get-global-position/-/mixin-get-global-position-6.2.2.tgz"
    "version" "6.2.2"
  
  "@pixi/particle-container@6.2.2":
    "integrity" "sha512-DYbSCcUiVLeM4sKZkzAp3F6dz3idyP1jecxbFqNmRjWRyMv7uXIO42rxGJMrd6BzA5j7DkywI3X0SqhhSZP7Ag=="
    "resolved" "https://registry.npmjs.org/@pixi/particle-container/-/particle-container-6.2.2.tgz"
    "version" "6.2.2"
  
  "@pixi/polyfill@6.2.2":
    "integrity" "sha512-Fd5KnjrqG9Vwgl9sDfPvNeqW3/d+hG9Du7H3y5PmItBnu9wXldTtA+I5D0BLsL/wjjjCQLbPVFKwCJj511XfBw=="
    "resolved" "https://registry.npmjs.org/@pixi/polyfill/-/polyfill-6.2.2.tgz"
    "version" "6.2.2"
    dependencies:
      "object-assign" "^4.1.1"
      "promise-polyfill" "^8.2.0"
  
  "@pixi/prepare@6.2.2":
    "integrity" "sha512-kJojn/6zEcao+XQyU+zWkBmQr0Tgeju3F9JYBpPQ8MKIUJYvDQDtRxYo9A6Xzxk8FJ373s2Ext/OelX2FcR3HQ=="
    "resolved" "https://registry.npmjs.org/@pixi/prepare/-/prepare-6.2.2.tgz"
    "version" "6.2.2"
  
  "@pixi/runner@6.2.2":
    "integrity" "sha512-q7bc6Eu2XplGzCQBOhbv32P0z48ixW/Su6epT9IOfDi2iTiPjB5Sxp9e+DZDFIzvkfLzgr67Ddy51YMvOp5sQg=="
    "resolved" "https://registry.npmjs.org/@pixi/runner/-/runner-6.2.2.tgz"
    "version" "6.2.2"
  
  "@pixi/settings@6.2.2":
    "integrity" "sha512-eQv0ykSwnJUd/LF4MuaFoL+eBNG+EUPAVfsnlsez/Y09aqwIzJyAjRx+uGp9adQ3XHXwYt2l2wINn+foF1y/8A=="
    "resolved" "https://registry.npmjs.org/@pixi/settings/-/settings-6.2.2.tgz"
    "version" "6.2.2"
    dependencies:
      "ismobilejs" "^1.1.0"
  
  "@pixi/sprite-animated@6.2.2":
    "integrity" "sha512-MNkVIuC06aXn8bgfWyqQE8vmclCVLgmHB//hssr/1IFCVmnEEYZLyeWErkIA87grY3iV7tGOILEYSa3pod4XEg=="
    "resolved" "https://registry.npmjs.org/@pixi/sprite-animated/-/sprite-animated-6.2.2.tgz"
    "version" "6.2.2"
  
  "@pixi/sprite-tiling@6.2.2":
    "integrity" "sha512-HQ9RVObmwyPq+PM2wm2UEIMdsvWg96ymSz0NOh9bOfMSme18vSWv0Rbidv/FziQT8x6MpoLpYke0DYMGtbu0tA=="
    "resolved" "https://registry.npmjs.org/@pixi/sprite-tiling/-/sprite-tiling-6.2.2.tgz"
    "version" "6.2.2"
  
  "@pixi/sprite@6.2.2":
    "integrity" "sha512-Imr+sJWFh5GtarW3FBBUzedSexfijg7OL0A6qwMDHA011gjyVeRZ15uXP8fgIwUoHoMLsU6xk85jcucM9RfWuw=="
    "resolved" "https://registry.npmjs.org/@pixi/sprite/-/sprite-6.2.2.tgz"
    "version" "6.2.2"
  
  "@pixi/spritesheet@6.2.2":
    "integrity" "sha512-TZodC/pf+CW/8kZN+RPzObXWSPgYv1pp+foUnOHb7w8AyFnMljeqBPiUfLQaMzw91TI9AHLihoeeofqZ4wMpww=="
    "resolved" "https://registry.npmjs.org/@pixi/spritesheet/-/spritesheet-6.2.2.tgz"
    "version" "6.2.2"
  
  "@pixi/text-bitmap@6.2.2":
    "integrity" "sha512-pJZM0o68n6cUFUdolvpuuloMccdQqvTc3CLzhLu9xW9HLx7NeFjZEQWTGQea8GXsGa1RhvlMd9x3AiVSNMI2FA=="
    "resolved" "https://registry.npmjs.org/@pixi/text-bitmap/-/text-bitmap-6.2.2.tgz"
    "version" "6.2.2"
  
  "@pixi/text@6.2.2":
    "integrity" "sha512-Hi6MO/QhllZ4IWkr7MBzImzHB88XXKlF5E9xt1vUBhdZb3KsQD+cPx+bNCFWn6ZMWDmOloJekzRkkSl3KrfBSw=="
    "resolved" "https://registry.npmjs.org/@pixi/text/-/text-6.2.2.tgz"
    "version" "6.2.2"
  
  "@pixi/ticker@6.2.2":
    "integrity" "sha512-tF3cRtcYnj3U3HFQ0IJKvAxFU1YUM96T0p8Qh478xZhvGxYGnjrQDPmjXePb4NocAdG5adb6//2uvQOd7o4rHg=="
    "resolved" "https://registry.npmjs.org/@pixi/ticker/-/ticker-6.2.2.tgz"
    "version" "6.2.2"
  
  "@pixi/utils@6.2.2":
    "integrity" "sha512-rpS6QolFuRmm/QcKm5PYHOCkX6okl9a00u2osaMbmPP+l7XLATTxSsFhw64UbSNR+zmzsrhreRFBVFn3tf8K6w=="
    "resolved" "https://registry.npmjs.org/@pixi/utils/-/utils-6.2.2.tgz"
    "version" "6.2.2"
    dependencies:
      "@types/earcut" "^2.1.0"
      "earcut" "^2.2.2"
      "eventemitter3" "^3.1.0"
      "url" "^0.11.0"
  
  "@types/dat.gui@^0.7.7":
    "integrity" "sha512-CxLCme0He5Jk3uQwfO/fGZMyNhb/ypANzqX0yU9lviBQMlen5SOvQTBQ/Cd9x5mFlUAK5Tk8RgvTyLj1nYkz+w=="
    "resolved" "https://registry.npmjs.org/@types/dat.gui/-/dat.gui-0.7.7.tgz"
    "version" "0.7.7"
  
  "@types/earcut@^2.1.0":
    "integrity" "sha512-w8oigUCDjElRHRRrMvn/spybSMyX8MTkKA5Dv+tS1IE/TgmNZPqUYtvYBXGY8cieSE66gm+szeK+bnbxC2xHTQ=="
    "resolved" "https://registry.npmjs.org/@types/earcut/-/earcut-2.1.1.tgz"
    "version" "2.1.1"
  
  "@types/offscreencanvas@^2019.6.4":
    "integrity" "sha512-u8SAgdZ8ROtkTF+mfZGOscl0or6BSj9A4g37e6nvxDc+YB/oDut0wHkK2PBBiC2bNR8TS0CPV+1gAk4fNisr1Q=="
    "resolved" "https://registry.npmjs.org/@types/offscreencanvas/-/offscreencanvas-2019.6.4.tgz"
    "version" "2019.6.4"
  
  "dat.gui@^0.7.7":
    "integrity" "sha512-sRl/28gF/XRC5ywC9I4zriATTsQcpSsRG7seXCPnTkK8/EQMIbCu5NPMpICLGxX9ZEUvcXR3ArLYCtgreFoMDw=="
    "resolved" "https://registry.npmjs.org/dat.gui/-/dat.gui-0.7.7.tgz"
    "version" "0.7.7"
  
  "earcut@^2.2.2":
    "integrity" "sha512-iRDI1QeCQIhMCZk48DRDMVgQSSBDmbzzNhnxIo+pwx3swkfjMh6vh0nWLq1NdvGHLKH6wIrAM3vQWeTj6qeoug=="
    "resolved" "https://registry.npmjs.org/earcut/-/earcut-2.2.3.tgz"
    "version" "2.2.3"
  
  "esbuild-windows-64@0.13.15":
    "integrity" "sha512-9aMsPRGDWCd3bGjUIKG/ZOJPKsiztlxl/Q3C1XDswO6eNX/Jtwu4M+jb6YDH9hRSUflQWX0XKAfWzgy5Wk54JQ=="
    "resolved" "https://registry.npmjs.org/esbuild-windows-64/-/esbuild-windows-64-0.13.15.tgz"
    "version" "0.13.15"
  
  "esbuild@^0.13.12":
    "integrity" "sha512-raCxt02HBKv8RJxE8vkTSCXGIyKHdEdGfUmiYb8wnabnaEmHzyW7DCHb5tEN0xU8ryqg5xw54mcwnYkC4x3AIw=="
    "resolved" "https://registry.npmjs.org/esbuild/-/esbuild-0.13.15.tgz"
    "version" "0.13.15"
    optionalDependencies:
      "esbuild-android-arm64" "0.13.15"
      "esbuild-darwin-64" "0.13.15"
      "esbuild-darwin-arm64" "0.13.15"
      "esbuild-freebsd-64" "0.13.15"
      "esbuild-freebsd-arm64" "0.13.15"
      "esbuild-linux-32" "0.13.15"
      "esbuild-linux-64" "0.13.15"
      "esbuild-linux-arm" "0.13.15"
      "esbuild-linux-arm64" "0.13.15"
      "esbuild-linux-mips64le" "0.13.15"
      "esbuild-linux-ppc64le" "0.13.15"
      "esbuild-netbsd-64" "0.13.15"
      "esbuild-openbsd-64" "0.13.15"
      "esbuild-sunos-64" "0.13.15"
      "esbuild-windows-32" "0.13.15"
      "esbuild-windows-64" "0.13.15"
      "esbuild-windows-arm64" "0.13.15"
  
  "eventemitter3@^3.1.0":
    "integrity" "sha512-tvtQIeLVHjDkJYnzf2dgVMxfuSGJeM/7UCG17TT4EumTfNtF+0nebF/4zWOIkCreAbtNqhGEboB6BWrwqNaw4Q=="
    "resolved" "https://registry.npmjs.org/eventemitter3/-/eventemitter3-3.1.2.tgz"
    "version" "3.1.2"
  
  "function-bind@^1.1.1":
    "integrity" "sha512-yIovAzMX49sF8Yl58fSCWJ5svSLuaibPxXQJFLmBObTuCr0Mf1KiPopGM9NiFjiYBCbfaa2Fh6breQ6ANVTI0A=="
    "resolved" "https://registry.npmjs.org/function-bind/-/function-bind-1.1.1.tgz"
    "version" "1.1.1"
  
  "has@^1.0.3":
    "integrity" "sha512-f2dvO0VU6Oej7RkWJGrehjbzMAjFp5/VKPp5tTpWIV4JHHZK1/BxbFRtf/siA2SWTe09caDmVtYYzWEIbBS4zw=="
    "resolved" "https://registry.npmjs.org/has/-/has-1.0.3.tgz"
    "version" "1.0.3"
    dependencies:
      "function-bind" "^1.1.1"
  
  "is-core-module@^2.2.0":
    "integrity" "sha512-vd15qHsaqrRL7dtH6QNuy0ndJmRDrS9HAM1CAiSifNUFv4x1a0CCVsj18hJ1mShxIG6T2i1sO78MkP56r0nYRw=="
    "resolved" "https://registry.npmjs.org/is-core-module/-/is-core-module-2.8.0.tgz"
    "version" "2.8.0"
    dependencies:
      "has" "^1.0.3"
  
  "ismobilejs@^1.1.0":
    "integrity" "sha512-VaFW53yt8QO61k2WJui0dHf4SlL8lxBofUuUmwBo0ljPk0Drz2TiuDW4jo3wDcv41qy/SxrJ+VAzJ/qYqsmzRw=="
    "resolved" "https://registry.npmjs.org/ismobilejs/-/ismobilejs-1.1.1.tgz"
    "version" "1.1.1"
  
  "nanoid@^3.1.30":
    "integrity" "sha512-zJpuPDwOv8D2zq2WRoMe1HsfZthVewpel9CAvTfc/2mBD1uUT/agc5f7GHGWXlYkFvi1mVxe4IjvP2HNrop7nQ=="
    "resolved" "https://registry.npmjs.org/nanoid/-/nanoid-3.1.30.tgz"
    "version" "3.1.30"
  
  "object-assign@^4.1.1":
    "integrity" "sha1-IQmtx5ZYh8/AXLvUQsrIv7s2CGM="
    "resolved" "https://registry.npmjs.org/object-assign/-/object-assign-4.1.1.tgz"
    "version" "4.1.1"
  
  "path-parse@^1.0.6":
    "integrity" "sha512-LDJzPVEEEPR+y48z93A0Ed0yXb8pAByGWo/k5YYdYgpY2/2EsOsksJrq7lOHxryrVOn1ejG6oAp8ahvOIQD8sw=="
    "resolved" "https://registry.npmjs.org/path-parse/-/path-parse-1.0.7.tgz"
    "version" "1.0.7"
  
  "picocolors@^1.0.0":
    "integrity" "sha512-1fygroTLlHu66zi26VoTDv8yRgm0Fccecssto+MhsZ0D/DGW2sm8E8AjW7NU5VVTRt5GxbeZ5qBuJr+HyLYkjQ=="
    "resolved" "https://registry.npmjs.org/picocolors/-/picocolors-1.0.0.tgz"
    "version" "1.0.0"
  
  "pixi.js@^6.2.2":
    "integrity" "sha512-/xCnJUsWTZuacR6JYTnRbUb+5grzlqpp2O1Ub7bCZCE3FApTCs7nMNYeLfdeP+np/MlGaM+SsPh2cXcafR3OZw=="
    "resolved" "https://registry.npmjs.org/pixi.js/-/pixi.js-6.2.2.tgz"
    "version" "6.2.2"
    dependencies:
      "@pixi/accessibility" "6.2.2"
      "@pixi/app" "6.2.2"
      "@pixi/compressed-textures" "6.2.2"
      "@pixi/constants" "6.2.2"
      "@pixi/core" "6.2.2"
      "@pixi/display" "6.2.2"
      "@pixi/extract" "6.2.2"
      "@pixi/filter-alpha" "6.2.2"
      "@pixi/filter-blur" "6.2.2"
      "@pixi/filter-color-matrix" "6.2.2"
      "@pixi/filter-displacement" "6.2.2"
      "@pixi/filter-fxaa" "6.2.2"
      "@pixi/filter-noise" "6.2.2"
      "@pixi/graphics" "6.2.2"
      "@pixi/interaction" "6.2.2"
      "@pixi/loaders" "6.2.2"
      "@pixi/math" "6.2.2"
      "@pixi/mesh" "6.2.2"
      "@pixi/mesh-extras" "6.2.2"
      "@pixi/mixin-cache-as-bitmap" "6.2.2"
      "@pixi/mixin-get-child-by-name" "6.2.2"
      "@pixi/mixin-get-global-position" "6.2.2"
      "@pixi/particle-container" "6.2.2"
      "@pixi/polyfill" "6.2.2"
      "@pixi/prepare" "6.2.2"
      "@pixi/runner" "6.2.2"
      "@pixi/settings" "6.2.2"
      "@pixi/sprite" "6.2.2"
      "@pixi/sprite-animated" "6.2.2"
      "@pixi/sprite-tiling" "6.2.2"
      "@pixi/spritesheet" "6.2.2"
      "@pixi/text" "6.2.2"
      "@pixi/text-bitmap" "6.2.2"
      "@pixi/ticker" "6.2.2"
      "@pixi/utils" "6.2.2"
  
  "postcss@^8.3.11":
    "integrity" "sha512-jBDboWM8qpaqwkMwItqTQTiFikhs/67OYVvblFFTM7MrZjt6yMKd6r2kgXizEbTTljacm4NldIlZnhbjr84QYg=="
    "resolved" "https://registry.npmjs.org/postcss/-/postcss-8.4.5.tgz"
    "version" "8.4.5"
    dependencies:
      "nanoid" "^3.1.30"
      "picocolors" "^1.0.0"
      "source-map-js" "^1.0.1"
  
  "promise-polyfill@^8.2.0":
    "integrity" "sha512-3p9zj0cEHbp7NVUxEYUWjQlffXqnXaZIMPkAO7HhFh8u5636xLRDHOUo2vpWSK0T2mqm6fKLXYn1KP6PAZ2gKg=="
    "resolved" "https://registry.npmjs.org/promise-polyfill/-/promise-polyfill-8.2.1.tgz"
    "version" "8.2.1"
  
  "punycode@1.3.2":
    "integrity" "sha1-llOgNvt8HuQjQvIyXM7v6jkmxI0="
    "resolved" "https://registry.npmjs.org/punycode/-/punycode-1.3.2.tgz"
    "version" "1.3.2"
  
  "querystring@0.2.0":
    "integrity" "sha1-sgmEkgO7Jd+CDadW50cAWHhSFiA="
    "resolved" "https://registry.npmjs.org/querystring/-/querystring-0.2.0.tgz"
    "version" "0.2.0"
  
  "resolve@^1.20.0":
    "integrity" "sha512-wENBPt4ySzg4ybFQW2TT1zMQucPK95HSh/nq2CFTZVOGut2+pQvSsgtda4d26YrYcr067wjbmzOG8byDPBX63A=="
    "resolved" "https://registry.npmjs.org/resolve/-/resolve-1.20.0.tgz"
    "version" "1.20.0"
    dependencies:
      "is-core-module" "^2.2.0"
      "path-parse" "^1.0.6"
  
  "rollup@^2.59.0":
    "integrity" "sha512-BbTXlEvB8d+XFbK/7E5doIcRtxWPRiqr0eb5vQ0+2paMM04Ye4PZY5nHOQef2ix24l/L0SpLd5hwcH15QHPdvA=="
    "resolved" "https://registry.npmjs.org/rollup/-/rollup-2.61.1.tgz"
    "version" "2.61.1"
    optionalDependencies:
      "fsevents" "~2.3.2"
  
  "source-map-js@^1.0.1":
    "integrity" "sha512-4+TN2b3tqOCd/kaGRJ/sTYA0tR0mdXx26ipdolxcwtJVqEnqNYvlCAt1q3ypy4QMlYus+Zh34RNtYLoq2oQ4IA=="
    "resolved" "https://registry.npmjs.org/source-map-js/-/source-map-js-1.0.1.tgz"
    "version" "1.0.1"
  
  "typescript@^4.4.4":
    "integrity" "sha512-VgYs2A2QIRuGphtzFV7aQJduJ2gyfTljngLzjpfW9FoYZF6xuw1W0vW9ghCKLfcWrCFxK81CSGRAvS1pn4fIUg=="
    "resolved" "https://registry.npmjs.org/typescript/-/typescript-4.5.4.tgz"
    "version" "4.5.4"
  
  "url@^0.11.0":
    "integrity" "sha1-ODjpfPxgUh63PFJajlW/3Z4uKPE="
    "resolved" "https://registry.npmjs.org/url/-/url-0.11.0.tgz"
    "version" "0.11.0"
    dependencies:
      "punycode" "1.3.2"
      "querystring" "0.2.0"
  
  "vite@^2.7.2":
    "integrity" "sha512-wMffVVdKZRZP/HwW3yttKL8X+IJePz7bUcnGm0vqljffpVwHpjWC3duZtJQHAGvy+wrTjmwU7vkULpZ1dVXY6w=="
    "resolved" "https://registry.npmjs.org/vite/-/vite-2.7.2.tgz"
    "version" "2.7.2"
    dependencies:
      "esbuild" "^0.13.12"
      "postcss" "^8.3.11"
      "resolve" "^1.20.0"
      "rollup" "^2.59.0"
    optionalDependencies:
      "fsevents" "~2.3.2"
